#
# There is insufficient memory for the Java Runtime Environment to continue.
# Native memory allocation (mmap) failed to map 536870912 bytes for Failed to commit area from 0x0000000601200000 to 0x0000000621200000 of length 536870912.
# Possible reasons:
#   The system is out of physical RAM or swap space
#   The process is running with CompressedOops enabled, and the Java Heap may be blocking the growth of the native heap
# Possible solutions:
#   Reduce memory load on the system
#   Increase physical memory or swap space
#   Check if swap backing store is full
#   Decrease Java heap size (-Xmx/-Xms)
#   Decrease number of Java threads
#   Decrease Java thread stack sizes (-Xss)
#   Set larger code cache with -XX:ReservedCodeCacheSize=
# This output file may be truncated or incomplete.
#
#  Out of Memory Error (src/hotspot/os/windows/os_windows.cpp:3624), pid=36316, tid=36336
#
# JRE version:  (11.0.14.1+1) (build )
# Java VM: OpenJDK 64-Bit Server VM (11.0.14.1+1-b2043.25, mixed mode, sharing, tiered, compressed oops, g1 gc, windows-amd64)
# No core dump will be written. Minidumps are not enabled by default on client versions of Windows
#

---------------  S U M M A R Y ------------

Command Line: git4idea.http.GitAskPassApp Username for 'https://github.com': 

Host: AMD Ryzen 7 3700X 8-Core Processor             , 16 cores, 31G,  Windows 10 , 64 bit Build 19041 (10.0.19041.1645)
Time: Sat Apr 23 05:00:17 2022 Romance Daylight Time elapsed time: 0.008397 seconds (0d 0h 0m 0s)

---------------  T H R E A D  ---------------

Current thread (0x00000228d3f5a000):  JavaThread "Unknown thread" [_thread_in_vm, id=36336, stack(0x00000074d3c00000,0x00000074d3d00000)]

Stack: [0x00000074d3c00000,0x00000074d3d00000]
Native frames: (J=compiled Java code, j=interpreted, Vv=VM code, C=native code)
V  [jvm.dll+0x61618a]
V  [jvm.dll+0x79c450]
V  [jvm.dll+0x79da6d]
V  [jvm.dll+0x79e143]
V  [jvm.dll+0x24c968]
V  [jvm.dll+0x6131f4]
V  [jvm.dll+0x607ef5]
V  [jvm.dll+0x30b35b]
V  [jvm.dll+0x30b2ca]
V  [jvm.dll+0x30b1a2]
V  [jvm.dll+0x3100f6]
V  [jvm.dll+0x35b7e3]
V  [jvm.dll+0x35bee6]
V  [jvm.dll+0x35b8e3]
V  [jvm.dll+0x2e5b68]
V  [jvm.dll+0x2e6d17]
V  [jvm.dll+0x779087]
V  [jvm.dll+0x77a87c]
V  [jvm.dll+0x368d99]
V  [jvm.dll+0x75c9de]
V  [jvm.dll+0x3d6d53]
V  [jvm.dll+0x3d92f1]
C  [jli.dll+0x536b]
C  [ucrtbase.dll+0x21bb2]
C  [KERNEL32.DLL+0x17034]
C  [ntdll.dll+0x52651]


---------------  P R O C E S S  ---------------

Threads class SMR info:
_java_thread_list=0x00000228d3d67dc0, length=0, elements={
}

Java Threads: ( => current thread )

Other Threads:
  0x00000228d3f6e800 GCTaskThread "GC Thread#0" [stack: 0x00000074d3d00000,0x00000074d3e00000] [id=21948]
  0x00000228d3fef800 ConcurrentGCThread "G1 Main Marker" [stack: 0x00000074d3e00000,0x00000074d3f00000] [id=3600]
  0x00000228d3ff0800 ConcurrentGCThread "G1 Conc#0" [stack: 0x00000074d3f00000,0x00000074d4000000] [id=34960]

[error occurred during error reporting (printing all threads), id 0xc0000005, EXCEPTION_ACCESS_VIOLATION (0xc0000005) at pc=0x00007ffef92c6177]

VM state:not at safepoint (not fully initialized)

VM Mutex/Monitor currently owned by a thread:  ([mutex/lock_event])
[0x00000228d3f56750] Heap_lock - owner thread: 0x00000228d3f5a000

Heap address: 0x0000000601200000, size: 8174 MB, Compressed Oops mode: Non-zero based: 0x0000000601200000
Narrow klass base: 0x0000000000000000, Narrow klass shift: 0

GC Heap History (0 events):
No events

Deoptimization events (0 events):
No events

Classes redefined (0 events):
No events

Internal exceptions (0 events):
No events

Events (1 events):
Event: 0.004 Loaded shared library C:\Users\morgan\AppData\Local\JetBrains\Toolbox\apps\CLion\ch-0\221.5080.224\jbr\bin\zip.dll


Dynamic libraries:
0x00007ff6b61b0000 - 0x00007ff6b61ba000 	C:\Users\morgan\AppData\Local\JetBrains\Toolbox\apps\CLion\ch-0\221.5080.224\jbr\bin\java.exe
0x00007fff85a10000 - 0x00007fff85c05000 	C:\WINDOWS\SYSTEM32\ntdll.dll
0x00007fff83f10000 - 0x00007fff83fce000 	C:\WINDOWS\System32\KERNEL32.DLL
0x00007fff831d0000 - 0x00007fff83498000 	C:\WINDOWS\System32\KERNELBASE.dll
0x00007fff838e0000 - 0x00007fff839e0000 	C:\WINDOWS\System32\ucrtbase.dll
0x00007fff56730000 - 0x00007fff56749000 	C:\Users\morgan\AppData\Local\JetBrains\Toolbox\apps\CLion\ch-0\221.5080.224\jbr\bin\jli.dll
0x00007fff574b0000 - 0x00007fff574c6000 	C:\Users\morgan\AppData\Local\JetBrains\Toolbox\apps\CLion\ch-0\221.5080.224\jbr\bin\VCRUNTIME140.dll
0x00007fff84cc0000 - 0x00007fff84e60000 	C:\WINDOWS\System32\USER32.dll
0x00007fff69160000 - 0x00007fff693fa000 	C:\WINDOWS\WinSxS\amd64_microsoft.windows.common-controls_6595b64144ccf1df_6.0.19041.1110_none_60b5254171f9507e\COMCTL32.dll
0x00007fff83840000 - 0x00007fff83862000 	C:\WINDOWS\System32\win32u.dll
0x00007fff83a80000 - 0x00007fff83aaa000 	C:\WINDOWS\System32\GDI32.dll
0x00007fff83de0000 - 0x00007fff83e7e000 	C:\WINDOWS\System32\msvcrt.dll
0x00007fff83730000 - 0x00007fff8383b000 	C:\WINDOWS\System32\gdi32full.dll
0x00007fff83130000 - 0x00007fff831cd000 	C:\WINDOWS\System32\msvcp_win.dll
0x00007fff84f70000 - 0x00007fff84fa0000 	C:\WINDOWS\System32\IMM32.DLL
0x00007fff3dfd0000 - 0x00007fff3e07a000 	C:\Users\morgan\AppData\Local\JetBrains\Toolbox\apps\CLion\ch-0\221.5080.224\jbr\bin\msvcp140.dll
0x00007ffef8fd0000 - 0x00007ffef9b4a000 	C:\Users\morgan\AppData\Local\JetBrains\Toolbox\apps\CLion\ch-0\221.5080.224\jbr\bin\server\jvm.dll
0x00007fff84c10000 - 0x00007fff84cbe000 	C:\WINDOWS\System32\ADVAPI32.dll
0x00007fff842d0000 - 0x00007fff8436c000 	C:\WINDOWS\System32\sechost.dll
0x00007fff841a0000 - 0x00007fff842c5000 	C:\WINDOWS\System32\RPCRT4.dll
0x00007fff84ba0000 - 0x00007fff84ba8000 	C:\WINDOWS\System32\PSAPI.DLL
0x00007fff122f0000 - 0x00007fff122f9000 	C:\WINDOWS\SYSTEM32\WSOCK32.dll
0x00007fff6f630000 - 0x00007fff6f657000 	C:\WINDOWS\SYSTEM32\WINMM.dll
0x00007fff83ea0000 - 0x00007fff83f0b000 	C:\WINDOWS\System32\WS2_32.dll
0x00007fff794f0000 - 0x00007fff794fa000 	C:\WINDOWS\SYSTEM32\VERSION.dll
0x00007fff80f60000 - 0x00007fff80f72000 	C:\WINDOWS\SYSTEM32\kernel.appcore.dll
0x00007fff10630000 - 0x00007fff10641000 	C:\Users\morgan\AppData\Local\JetBrains\Toolbox\apps\CLion\ch-0\221.5080.224\jbr\bin\verify.dll
0x00007fff68f30000 - 0x00007fff69114000 	C:\WINDOWS\SYSTEM32\DBGHELP.DLL
0x00007fff67800000 - 0x00007fff6782c000 	C:\WINDOWS\SYSTEM32\dbgcore.DLL
0x00007fff839e0000 - 0x00007fff83a62000 	C:\WINDOWS\System32\bcryptPrimitives.dll
0x00007fff09ab0000 - 0x00007fff09ad9000 	C:\Users\morgan\AppData\Local\JetBrains\Toolbox\apps\CLion\ch-0\221.5080.224\jbr\bin\java.dll
0x00007fff567d0000 - 0x00007fff567db000 	C:\Users\morgan\AppData\Local\JetBrains\Toolbox\apps\CLion\ch-0\221.5080.224\jbr\bin\jimage.dll
0x00007fff0dbf0000 - 0x00007fff0dc09000 	C:\Users\morgan\AppData\Local\JetBrains\Toolbox\apps\CLion\ch-0\221.5080.224\jbr\bin\zip.dll

dbghelp: loaded successfully - version: 4.0.5 - missing functions: none
symbol engine: initialized successfully - sym options: 0x614 - pdb path: .;C:\Users\morgan\AppData\Local\JetBrains\Toolbox\apps\CLion\ch-0\221.5080.224\jbr\bin;C:\WINDOWS\SYSTEM32;C:\WINDOWS\WinSxS\amd64_microsoft.windows.common-controls_6595b64144ccf1df_6.0.19041.1110_none_60b5254171f9507e;C:\Users\morgan\AppData\Local\JetBrains\Toolbox\apps\CLion\ch-0\221.5080.224\jbr\bin\server

VM Arguments:
java_command: git4idea.http.GitAskPassApp Username for 'https://github.com': 
java_class_path (initial): C:/Users/morgan/AppData/Local/JetBrains/Toolbox/apps/CLion/ch-0/221.5080.224/plugins/git4idea/lib/git4idea-rt.jar;C:/Users/morgan/AppData/Local/JetBrains/Toolbox/apps/CLion/ch-0/221.5080.224/lib/externalProcess-rt.jar;C:/Users/morgan/AppData/Local/JetBrains/Toolbox/apps/CLion/ch-0/221.5080.224/lib/app.jar;C:/Users/morgan/AppData/Local/JetBrains/Toolbox/apps/CLion/ch-0/221.5080.224/lib/3rd-party-rt.jar
Launcher Type: SUN_STANDARD

[Global flags]
     intx CICompilerCount                          = 12                                        {product} {ergonomic}
     uint ConcGCThreads                            = 3                                         {product} {ergonomic}
     uint G1ConcRefinementThreads                  = 13                                        {product} {ergonomic}
   size_t G1HeapRegionSize                         = 2097152                                   {product} {ergonomic}
    uintx GCDrainStackTargetSize                   = 64                                        {product} {ergonomic}
   size_t InitialHeapSize                          = 536870912                                 {product} {ergonomic}
   size_t MarkStackSize                            = 4194304                                   {product} {ergonomic}
   size_t MaxHeapSize                              = 8571060224                                {product} {ergonomic}
   size_t MinHeapDeltaBytes                        = 2097152                                   {product} {ergonomic}
    uintx NonNMethodCodeHeapSize                   = 7594288                                {pd product} {ergonomic}
    uintx NonProfiledCodeHeapSize                  = 122031976                              {pd product} {ergonomic}
    uintx ProfiledCodeHeapSize                     = 122031976                              {pd product} {ergonomic}
    uintx ReservedCodeCacheSize                    = 251658240                              {pd product} {ergonomic}
     bool SegmentedCodeCache                       = true                                      {product} {ergonomic}
     bool UseCompressedClassPointers               = true                                 {lp64_product} {ergonomic}
     bool UseCompressedOops                        = true                                 {lp64_product} {ergonomic}
     bool UseG1GC                                  = true                                      {product} {ergonomic}
     bool UseLargePagesIndividualAllocation        = false                                  {pd product} {ergonomic}

Logging:
Log output configuration:
 #0: stdout all=warning uptime,level,tags
 #1: stderr all=off uptime,level,tags

Environment Variables:
PATH=C:\Program Files\Git\mingw64\libexec\git-core;C:\Program Files\Git\mingw64\libexec\git-core;C:\Program Files\Git\mingw64\bin;C:\Program Files\Git\usr\bin;C:\Users\morgan\bin;C:\Program Files\Common Files\Oracle\Java\javapath;C:\Program Files (x86)\Common Files\Oracle\Java\javapath;C:\Python37;C:\Python37\Scripts;C:\Python39\Scripts;C:\Python39;C:\Program Files (x86)\Common Files\Intel\Shared Libraries\redist\intel64\compiler;C:\WINDOWS\system32;C:\WINDOWS;C:\WINDOWS\System32\Wbem;C:\WINDOWS\System32\WindowsPowerShell\v1.0;C:\WINDOWS\System32\OpenSSH;C:\Program Files\dotnet;C:\Program Files (x86)\NVIDIA Corporation\PhysX\Common;C:\Program Files\NVIDIA Corporation\NVIDIA NvDLISR;C:\Program Files\Git\cmd;C:\ProgramData\chocolatey\bin;C:\Program Files\PuTTY;C:\Program Files\Docker\Docker\resources\bin;C:\ProgramData\DockerDesktop\version-bin;C:\ZZZ_myBinaries\SysinternalsSuite;C:\ZZZ_myBinaries\cwrsync_client_6.2.2_x64_free\bin;C:\Python27;C:\Python27\Scripts;C:\kotlinc\bin;C:\msys64\mingw64\bin;C:\MinGW\bin;C:\Program Files\CMake\bin;C:\Program Files\Go\bin;C:\php8.1;C:\Program Files (x86)\sox-14-4-2;C:\Program Files\nodejs;C:\ProgramData\ComposerSetup\bin;C:\HashiCorp\Vagrant\bin;C:\Users\morgan\AppData\Local\bazelisk\downloads\bazelbuild\bazel-4.2.2-windows-x86_64\bin;C:\Program Files\Graphviz\bin;C:\Program Files\doxygen\bin;C:\Users\morgan\vcpkg;C:\Program Files (x86)\IncrediBuild;C:\Program Files\JAI\SDK\bin;C:\Program Files\JAI\SDK\bin\Win32_i86;C:\Program Files\JAI\SDK\GenICam\bin\Win64_x64;C:\Program Files\JAI\SDK\GenICam\bin\Win32_i86;C:\Program Files\Microsoft SQL Server\150\Tools\Binn;C:\Program Files\Microsoft SQL Server\Client SDK\ODBC\170\Tools\Binn;C:\Users\morgan\Desktop\komorebi;C:\Program Files\qemu;C:\Program Files (x86)\dotnet;C:\Program Files\PowerShell\7;C:\Users\morgan\.platformio\penv\Scripts;C:\Program Files (x86)\GNU Arm Embedded Toolchain\10 2021.10\bin;C:\Users\morgan\AppData\Local\Microsoft\WindowsApps;C:\Users\morgan\AppData\Local\Progra
USERNAME=morgan
DISPLAY=:0.0
LC_ALL=en_US.UTF-8
OS=Windows_NT
PROCESSOR_IDENTIFIER=AMD64 Family 23 Model 113 Stepping 0, AuthenticAMD



---------------  S Y S T E M  ---------------

OS: Windows 10 , 64 bit Build 19041 (10.0.19041.1645)
OS uptime: 0 days 16:58 hours
Hyper-V role detected

CPU:total 16 (initial active 16) (16 cores per cpu, 2 threads per core) family 23 model 113 stepping 0 microcode 0x0, cmov, cx8, fxsr, mmx, sse, sse2, sse3, ssse3, sse4.1, sse4.2, popcnt, avx, avx2, aes, clmul, mmxext, 3dnowpref, lzcnt, sse4a, ht, tsc, tscinvbit, tscinv, bmi1, bmi2, adx, sha, fma

Memory: 4k page, system-wide physical 32694M (8832M free)
TotalPageFile size 40657M (AvailPageFile size 185M)
current process WorkingSet (physical memory assigned to process): 10M, peak: 10M
current process commit charge ("private bytes"): 71M, peak: 583M

vm_info: OpenJDK 64-Bit Server VM (11.0.14.1+1-b2043.25) for windows-amd64 JRE (11.0.14.1+1-b2043.25), built on Mar 30 2022 06:22:56 by "" with MS VC++ 14.0 (VS2015)

END.
